Removed Pin From Net: NetName=A_IN1 Pin=C9-1
Removed Pin From Net: NetName=VCC Pin=D1-1
Removed Pin From Net: NetName=MA_2 Pin=D1-2
Removed Pin From Net: NetName=VCC Pin=D2-1
Removed Pin From Net: NetName=MA_1 Pin=D2-2
Removed Pin From Net: NetName=MA_2 Pin=D3-1
Removed Pin From Net: NetName=A_IN1 Pin=D3-2
Removed Pin From Net: NetName=MA_1 Pin=D4-1
Removed Pin From Net: NetName=A_IN1 Pin=D4-2
Removed Pin From Net: NetName=VCC Pin=D5-1
Removed Pin From Net: NetName=VCC Pin=D6-1
Removed Pin From Net: NetName=MB_1 Pin=D7-1
Removed Pin From Net: NetName=A_IN1 Pin=D7-2
Removed Pin From Net: NetName=MB_2 Pin=D8-1
Removed Pin From Net: NetName=A_IN1 Pin=D8-2
Removed Pin From Net: NetName=A_IN1 Pin=J6-1
Removed Pin From Net: NetName=A_IN1 Pin=J6-2
Removed Pin From Net: NetName=NetJ6_3 Pin=J6-3
Removed Pin From Net: NetName=NetJ6_3 Pin=J6-4
Removed Pin From Net: NetName=NetJ6_3 Pin=R667-1
Removed Pin From Net: NetName=NetJ6_3 Pin=R667-1
Removed Pin From Net: NetName=+5 Pin=R667-2
Removed Pin From Net: NetName=+5 Pin=R667-2
Removed Pin From Net: NetName=A_IN1 Pin=X1-S1
Removed Pin From Net: NetName=A_IN1 Pin=X1-S2
Removed Pin From Net: NetName=A_IN1 Pin=X1-S3
Removed Pin From Net: NetName=A_IN1 Pin=X1-S4
Removed Pin From Net: NetName=A_IN1 Pin=X1-S5
Removed Pin From Net: NetName=A_IN1 Pin=X1-S6
Removed Member From Class: ClassName=Interface Member=J6
Change Component DesignItemId : Designator=X1 Old DesignItemId=10118193-0001LF New DesignItemId=CMP-dryhiu0utvtqwfw1f267-2
Change Component DesignItemId : Designator=SW? Old DesignItemId=418121160801 New DesignItemId=CMP-1184338-2
Change Component DesignItemId : Designator=C9 Old DesignItemId=CMP-153474-2 New DesignItemId=CMP-6ecba7c24c09b10c-2
Change Component DesignItemId : Designator=D1 Old DesignItemId=CMP-815764-4 New DesignItemId=CMP-cdc306926f2e1204-3
Change Component DesignItemId : Designator=D2 Old DesignItemId=CMP-815764-4 New DesignItemId=CMP-cdc306926f2e1204-3
Change Component DesignItemId : Designator=D3 Old DesignItemId=CMP-815764-4 New DesignItemId=CMP-cdc306926f2e1204-3
Change Component DesignItemId : Designator=D4 Old DesignItemId=CMP-815764-4 New DesignItemId=CMP-cdc306926f2e1204-3
Change Component DesignItemId : Designator=D5 Old DesignItemId=CMP-815764-4 New DesignItemId=CMP-cdc306926f2e1204-3
Change Component DesignItemId : Designator=D6 Old DesignItemId=CMP-815764-4 New DesignItemId=CMP-cdc306926f2e1204-3
Change Component DesignItemId : Designator=D7 Old DesignItemId=CMP-815764-4 New DesignItemId=CMP-cdc306926f2e1204-3
Change Component DesignItemId : Designator=D8 Old DesignItemId=CMP-815764-4 New DesignItemId=CMP-cdc306926f2e1204-3
Change Component Footprint: Designator=C9 Old Footprint=CAPC2013X145X48LL20T23 New Footprint=PCB-i747o4qnz4fc2aqkwc14-1
Change Component Footprint: Designator=X1 Old Footprint=MICRO-USB5+6P-SMD-0.65-B New Footprint=PCB-y0d6oczsv3eu57ue5a53-1
Change Component Footprint: Designator=D1 Old Footprint=PCB-815764-1 New Footprint=PCB-opxhljkfv7sc3m888c8w-1
Change Component Footprint: Designator=D2 Old Footprint=PCB-815764-1 New Footprint=PCB-opxhljkfv7sc3m888c8w-1
Change Component Footprint: Designator=D3 Old Footprint=PCB-815764-1 New Footprint=PCB-opxhljkfv7sc3m888c8w-1
Change Component Footprint: Designator=D4 Old Footprint=PCB-815764-1 New Footprint=PCB-opxhljkfv7sc3m888c8w-1
Change Component Footprint: Designator=D5 Old Footprint=PCB-815764-1 New Footprint=PCB-opxhljkfv7sc3m888c8w-1
Change Component Footprint: Designator=D6 Old Footprint=PCB-815764-1 New Footprint=PCB-opxhljkfv7sc3m888c8w-1
Change Component Footprint: Designator=D7 Old Footprint=PCB-815764-1 New Footprint=PCB-opxhljkfv7sc3m888c8w-1
Change Component Footprint: Designator=D8 Old Footprint=PCB-815764-1 New Footprint=PCB-opxhljkfv7sc3m888c8w-1
Change Component Comment : Designator=SW? Old Comment=418121160801 New Comment=CMP-1184338-2
Change Component Comment : Designator=D1 Old Comment=Diodes B240A-13-F New Comment=Vishay SS34-E3/57T
Change Component Comment : Designator=D2 Old Comment=Diodes B240A-13-F New Comment=Vishay SS34-E3/57T
Change Component Comment : Designator=D3 Old Comment=Diodes B240A-13-F New Comment=Vishay SS34-E3/57T
Change Component Comment : Designator=D4 Old Comment=Diodes B240A-13-F New Comment=Vishay SS34-E3/57T
Change Component Comment : Designator=D5 Old Comment=Diodes B240A-13-F New Comment=Vishay SS34-E3/57T
Change Component Comment : Designator=D6 Old Comment=Diodes B240A-13-F New Comment=Vishay SS34-E3/57T
Change Component Comment : Designator=D7 Old Comment=Diodes B240A-13-F New Comment=Vishay SS34-E3/57T
Change Component Comment : Designator=D8 Old Comment=Diodes B240A-13-F New Comment=Vishay SS34-E3/57T
Change Component Comment : Designator=X1 Old Comment=FCI 10118193-0001LF New Comment=Micro USB Board
Change Component Comment : Designator=C9 Old Comment=Vitramon VJ0805Y104KXAAT New Comment=Taiyo Yuden LMK212BJ106KG-T
Change Component Designator: OldDesignator=B5 NewDesignator=B1
Change Component Designator: OldDesignator=C8 NewDesignator=C10
Change Component Designator: OldDesignator=C10 NewDesignator=C13
Change Component Designator: OldDesignator=C20 NewDesignator=C8
Change Component Designator: OldDesignator=GY521 NewDesignator=GY1
Change Component Designator: OldDesignator=J1 NewDesignator=J2
Change Component Designator: OldDesignator=J2 NewDesignator=J3
Change Component Designator: OldDesignator=J6 NewDesignator=J1
Change Component Designator: OldDesignator=LED2 NewDesignator=LED1
Change Component Designator: OldDesignator=LED3 NewDesignator=LED2
Change Component Designator: OldDesignator=LED4 NewDesignator=LED3
Change Component Designator: OldDesignator=LED5 NewDesignator=LED4
Change Component Designator: OldDesignator=LED_HB NewDesignator=LED_HB1
Change Component Designator: OldDesignator=LED_PWR NewDesignator=LED_PWR1
Change Component Designator: OldDesignator=P1 NewDesignator=P2
Change Component Designator: OldDesignator=P2 NewDesignator=P1
Change Component Designator: OldDesignator=R1 NewDesignator=R15
Change Component Designator: OldDesignator=R2 NewDesignator=R16
Change Component Designator: OldDesignator=R3 NewDesignator=R5
Change Component Designator: OldDesignator=R4 NewDesignator=R3
Change Component Designator: OldDesignator=R5 NewDesignator=R4
Change Component Designator: OldDesignator=R7 NewDesignator=R6
Change Component Designator: OldDesignator=R8 NewDesignator=R7
Change Component Designator: OldDesignator=R11 NewDesignator=R9
Change Component Designator: OldDesignator=R15 NewDesignator=R11
Change Component Designator: OldDesignator=R16 NewDesignator=R12
Change Component Designator: OldDesignator=R17 NewDesignator=R13
Change Component Designator: OldDesignator=R18 NewDesignator=R14
Change Component Designator: OldDesignator=R20 NewDesignator=R1
Change Component Designator: OldDesignator=R21 NewDesignator=R2
Change Component Designator: OldDesignator=R666 NewDesignator=R10
Change Component Designator: OldDesignator=R667 NewDesignator=R8
Change Component Designator: OldDesignator=SW? NewDesignator=SW1
Change Component Library : Designator=SW1 Old Library=Octopart library New Library=CommunityVault
Added Component: Designator=C12(CAPC2013X145X48LL20T23)
Added Pin To Net: NetName=NetJ6_3 Pin=C9-1
Added Pin To Net: NetName=A_IN1 Pin=C9-1
Added Pin To Net: NetName=+5 Pin=C9-2
Added Pin To Net: NetName=MB_1 Pin=D1-1
Added Pin To Net: NetName=VCC Pin=D1-2
Added Pin To Net: NetName=MB_2 Pin=D2-1
Added Pin To Net: NetName=VCC Pin=D2-2
Added Pin To Net: NetName=MA_1 Pin=D3-1
Added Pin To Net: NetName=VCC Pin=D3-2
Added Pin To Net: NetName=MA_2 Pin=D4-1
Added Pin To Net: NetName=VCC Pin=D4-2
Added Pin To Net: NetName=A_IN1 Pin=D5-1
Added Pin To Net: NetName=A_IN1 Pin=D6-1
Added Pin To Net: NetName=A_IN1 Pin=D7-1
Added Pin To Net: NetName=MA_2 Pin=D7-2
Added Pin To Net: NetName=A_IN1 Pin=D8-1
Added Pin To Net: NetName=MA_1 Pin=D8-2
Added Pin To Net: NetName=NetJ6_3 Pin=J1-1
Added Pin To Net: NetName=NetJ6_3 Pin=J1-2
Added Pin To Net: NetName=+5 Pin=J1-3
Added Pin To Net: NetName=+5 Pin=J1-4
Added Pin To Net: NetName=A_IN1 Pin=R8-1
Added Pin To Net: NetName=A_IN1 Pin=R8-1
Added Pin To Net: NetName=NetJ6_3 Pin=R8-2
Added Pin To Net: NetName=NetJ6_3 Pin=R8-2
Change Net Name : Old Net Name=NetB5_A New Net Name=NetB1_A
Change Net Name : Old Net Name=NetB5_B New Net Name=NetB1_B
Change Net Name : Old Net Name=NetB5_C New Net Name=NetB1_C
Change Net Name : Old Net Name=NetB5_CENTER New Net Name=NetB1_CENTER
Change Net Name : Old Net Name=NetB5_D New Net Name=NetB1_D
Change Net Name : Old Net Name=NetGY521_3 New Net Name=NetGY1_3
Change Net Name : Old Net Name=NetGY521_4 New Net Name=NetGY1_4
Change Net Name : Old Net Name=NetGY521_8 New Net Name=NetGY1_8
Change Net Name : Old Net Name=NetJ1_1 New Net Name=NetJ2_1
Change Net Name : Old Net Name=NetJ1_2 New Net Name=NetJ2_2
Change Net Name : Old Net Name=NetJ2_3 New Net Name=NetJ3_3
Change Net Name : Old Net Name=NetJ6_3 New Net Name=NetC9_1
Change Net Name : Old Net Name=NetLED2_A New Net Name=NetLED1_A
Change Net Name : Old Net Name=NetLED3_A New Net Name=NetLED2_A
Change Net Name : Old Net Name=NetLED4_2 New Net Name=NetLED3_2
Change Net Name : Old Net Name=NetLED5_2 New Net Name=NetLED4_2
Change Net Name : Old Net Name=NetLED_HB_2 New Net Name=NetLED_HB1_2
Change Net Name : Old Net Name=NetLED_PWR_2 New Net Name=NetLED_PWR1_2
Change Net Name : Old Net Name=NetR1_1 New Net Name=NetR15_1
Change Net Name : Old Net Name=NetR4_1 New Net Name=NetR3_1
Change Net Name : Old Net Name=NetR5_1 New Net Name=NetR4_1
Change Net Name : Old Net Name=NetR7_2 New Net Name=NetR6_2
Change Net Name : Old Net Name=NetR8_1 New Net Name=NetR7_1
Change Net Name : Old Net Name=NetR8_2 New Net Name=NetR7_2
Change Net Name : Old Net Name=NetR11_2 New Net Name=NetR9_2
Change Net Name : Old Net Name=NetR15_2 New Net Name=NetR11_2
Change Net Name : Old Net Name=NetR16_2 New Net Name=NetR12_2
Change Net Name : Old Net Name=NetR17_2 New Net Name=NetR13_2
Change Net Name : Old Net Name=NetR18_2 New Net Name=NetR14_2
Change Net Name : Old Net Name=NetR20_2 New Net Name=NetR1_2
Change Net Name : Old Net Name=NetR666_1 New Net Name=NetR10_1
Added Member To Class: ClassName=Interface Member=Component C9 Taiyo Yuden LMK212BJ106KG-T
Added Member To Class: ClassName=Interface Member=Component J2 CMP-3821332-2
